<?xml version="1.0" encoding="UTF-8"?>
<testsuite xmlns:xsi="http://www.w3.org/2001/XMLSchema-instance" xsi:noNamespaceSchemaLocation="https://maven.apache.org/surefire/maven-surefire-plugin/xsd/surefire-test-report-3.0.xsd" version="3.0" name="com.cine.cine.CineApplicationTests" time="3.326" tests="1" errors="0" skipped="0" failures="0">
  <properties>
[...]
</properties>
  <testcase name="contextLoads" classname="com.cine.cine.CineApplicationTests" time="0.263">
    <system-out><![CDATA[18:44:08.456 [main] INFO org.springframework.test.context.support.AnnotationConfigContextLoaderUtils -- Could not detect default configuration classes for test class [com.cine.cine.CineApplicationTests]: CineApplicationTests does not declare any static, non-private, non-final, nested classes annotated with @Configuration.
18:44:08.515 [main] INFO org.springframework.boot.test.context.SpringBootTestContextBootstrapper -- Found @SpringBootConfiguration com.cine.cine.CineApplication for test class com.cine.cine.CineApplicationTests
18:44:08.627 [main] INFO org.springframework.boot.devtools.restart.RestartApplicationListener -- Restart disabled due to context in which it is running
  .   ____          _            __ _ _
 /\\ / ___'_ __ _ _(_)_ __  __ _ \ \ \ \
( ( )\___ | '_ | '_| | '_ \/ _` | \ \ \ \
 \\/  ___)| |_)| | | | | || (_| |  ) ) ) )
  '  |____| .__|_| |_|_| |_\__, | / / / /
 =========|_|==============|___/=/_/_/_/

 :: Spring Boot ::                (v3.3.0)

2024-06-04T18:44:08.782-03:00  INFO 12960 --- [cine] [           main] com.cine.cine.CineApplicationTests       : Starting CineApplicationTests using Java 17.0.10 with PID 12960 (started by 54116 in C:\Users\54116\Desktop\cine)
2024-06-04T18:44:08.783-03:00  INFO 12960 --- [cine] [           main] com.cine.cine.CineApplicationTests       : No active profile set, falling back to 1 default profile: "default"
2024-06-04T18:44:09.216-03:00  INFO 12960 --- [cine] [           main] .s.d.r.c.RepositoryConfigurationDelegate : Bootstrapping Spring Data JPA repositories in DEFAULT mode.
2024-06-04T18:44:09.263-03:00  INFO 12960 --- [cine] [           main] .s.d.r.c.RepositoryConfigurationDelegate : Finished Spring Data repository scanning in 37 ms. Found 3 JPA repository interfaces.
2024-06-04T18:44:09.595-03:00  INFO 12960 --- [cine] [           main] o.hibernate.jpa.internal.util.LogHelper  : HHH000204: Processing PersistenceUnitInfo [name: default]
2024-06-04T18:44:09.638-03:00  INFO 12960 --- [cine] [           main] org.hibernate.Version                    : HHH000412: Hibernate ORM core version 6.5.2.Final
2024-06-04T18:44:09.662-03:00  INFO 12960 --- [cine] [           main] o.h.c.internal.RegionFactoryInitiator    : HHH000026: Second-level cache disabled
2024-06-04T18:44:09.909-03:00  INFO 12960 --- [cine] [           main] o.s.o.j.p.SpringPersistenceUnitInfo      : No LoadTimeWeaver setup: ignoring JPA class transformer
2024-06-04T18:44:09.927-03:00  INFO 12960 --- [cine] [           main] com.zaxxer.hikari.HikariDataSource       : HikariPool-1 - Starting...
2024-06-04T18:44:10.048-03:00  INFO 12960 --- [cine] [           main] com.zaxxer.hikari.pool.HikariPool        : HikariPool-1 - Added connection org.postgresql.jdbc.PgConnection@786ff0ea
2024-06-04T18:44:10.050-03:00  INFO 12960 --- [cine] [           main] com.zaxxer.hikari.HikariDataSource       : HikariPool-1 - Start completed.
2024-06-04T18:44:10.667-03:00  INFO 12960 --- [cine] [           main] o.h.e.t.j.p.i.JtaPlatformInitiator       : HHH000489: No JTA platform available (set 'hibernate.transaction.jta.platform' to enable JTA platform integration)
2024-06-04T18:44:10.697-03:00  INFO 12960 --- [cine] [           main] j.LocalContainerEntityManagerFactoryBean : Initialized JPA EntityManagerFactory for persistence unit 'default'
2024-06-04T18:44:10.916-03:00  INFO 12960 --- [cine] [           main] r$InitializeUserDetailsManagerConfigurer : Global AuthenticationManager configured with UserDetailsService bean with name customUserDetailsService
2024-06-04T18:44:10.970-03:00  WARN 12960 --- [cine] [           main] JpaBaseConfiguration$JpaWebConfiguration : spring.jpa.open-in-view is enabled by default. Therefore, database queries may be performed during view rendering. Explicitly configure spring.jpa.open-in-view to disable this warning
2024-06-04T18:44:11.205-03:00  INFO 12960 --- [cine] [           main] o.s.s.web.DefaultSecurityFilterChain     : Will secure any request with [org.springframework.security.web.session.DisableEncodeUrlFilter@58267ba1, org.springframework.security.web.context.request.async.WebAsyncManagerIntegrationFilter@e356940, org.springframework.security.web.context.SecurityContextHolderFilter@488c6c98, org.springframework.security.web.header.HeaderWriterFilter@9e4388d, org.springframework.web.filter.CorsFilter@38991781, org.springframework.security.web.authentication.logout.LogoutFilter@e60c466, com.cine.cine.security.JwtAuthenticationFilter@5d03df76, org.springframework.security.web.savedrequest.RequestCacheAwareFilter@1e7797db, org.springframework.security.web.servletapi.SecurityContextHolderAwareRequestFilter@22942eff, org.springframework.security.web.authentication.AnonymousAuthenticationFilter@3c577368, org.springframework.security.web.session.SessionManagementFilter@79e28671, org.springframework.security.web.access.ExceptionTranslationFilter@42d96745, org.springframework.security.web.access.intercept.AuthorizationFilter@76641439]
2024-06-04T18:44:11.411-03:00  INFO 12960 --- [cine] [           main] com.cine.cine.CineApplicationTests       : Started CineApplicationTests in 2.791 seconds (process running for 3.383)
]]></system-out>
  </testcase>
</testsuite>